0 info it worked if it ends with ok
1 verbose cli [ '/usr/local/bin/node',
1 verbose cli   '/usr/local/bin/npm',
1 verbose cli   'install',
1 verbose cli   '-g',
1 verbose cli   'less' ]
2 info using npm@1.3.11
3 info using node@v0.10.20
4 verbose cache add [ 'less', null ]
5 verbose cache add name=undefined spec="less" args=["less",null]
6 verbose parsed url { protocol: null,
6 verbose parsed url   slashes: null,
6 verbose parsed url   auth: null,
6 verbose parsed url   host: null,
6 verbose parsed url   port: null,
6 verbose parsed url   hostname: null,
6 verbose parsed url   hash: null,
6 verbose parsed url   search: null,
6 verbose parsed url   query: null,
6 verbose parsed url   pathname: 'less',
6 verbose parsed url   path: 'less',
6 verbose parsed url   href: 'less' }
7 silly lockFile 0b439cf4-less less
8 verbose lock less /home/bbeutell/.npm/0b439cf4-less.lock
9 silly lockFile 0b439cf4-less less
10 silly lockFile 0b439cf4-less less
11 verbose addNamed [ 'less', '' ]
12 verbose addNamed [ null, '*' ]
13 silly lockFile e13833ab-less less@
14 verbose lock less@ /home/bbeutell/.npm/e13833ab-less.lock
15 silly addNameRange { name: 'less', range: '*', hasData: false }
16 verbose url raw less
17 verbose url resolving [ 'https://registry.npmjs.org/', './less' ]
18 verbose url resolved https://registry.npmjs.org/less
19 info trying registry request attempt 1 at 21:45:35
20 http GET https://registry.npmjs.org/less
21 http 200 https://registry.npmjs.org/less
22 silly registry.get cb [ 200,
22 silly registry.get   { date: 'Sat, 25 Jan 2014 05:50:05 GMT',
22 silly registry.get     server: 'CouchDB/1.5.0 (Erlang OTP/R15B03)',
22 silly registry.get     etag: '"49SPRRRGOHIDYBK8FREYTX0K5"',
22 silly registry.get     'content-type': 'application/json',
22 silly registry.get     'content-length': '124617',
22 silly registry.get     'accept-ranges': 'bytes',
22 silly registry.get     via: '1.1 varnish',
22 silly registry.get     age: '299460',
22 silly registry.get     'x-served-by': 'cache-sv94-SJC3',
22 silly registry.get     'x-cache': 'HIT',
22 silly registry.get     'x-cache-hits': '615',
22 silly registry.get     'x-timer': 'S1390629005.637067795,VS0,VE52',
22 silly registry.get     vary: 'Accept',
22 silly registry.get     'keep-alive': 'timeout=10, max=50',
22 silly registry.get     connection: 'Keep-Alive' } ]
23 silly addNameRange number 2 { name: 'less', range: '*', hasData: true }
24 silly addNameRange versions [ 'less',
24 silly addNameRange   [ '1.0.10',
24 silly addNameRange     '1.0.11',
24 silly addNameRange     '1.0.14',
24 silly addNameRange     '1.0.18',
24 silly addNameRange     '1.0.19',
24 silly addNameRange     '1.0.21',
24 silly addNameRange     '1.0.32',
24 silly addNameRange     '1.0.36',
24 silly addNameRange     '1.0.5',
24 silly addNameRange     '1.0.40',
24 silly addNameRange     '1.0.41',
24 silly addNameRange     '1.0.44',
24 silly addNameRange     '1.1.0',
24 silly addNameRange     '1.1.1',
24 silly addNameRange     '1.1.2',
24 silly addNameRange     '1.1.4',
24 silly addNameRange     '1.1.5',
24 silly addNameRange     '1.1.6',
24 silly addNameRange     '1.2.0',
24 silly addNameRange     '1.2.1',
24 silly addNameRange     '1.2.2',
24 silly addNameRange     '1.3.0',
24 silly addNameRange     '1.3.1',
24 silly addNameRange     '1.3.2',
24 silly addNameRange     '1.3.3',
24 silly addNameRange     '1.4.0-b1',
24 silly addNameRange     '1.4.0-b2',
24 silly addNameRange     '1.4.0-b3',
24 silly addNameRange     '1.4.0-b4',
24 silly addNameRange     '1.4.0',
24 silly addNameRange     '1.4.1',
24 silly addNameRange     '1.4.2',
24 silly addNameRange     '1.5.0-b1',
24 silly addNameRange     '1.5.0-b2',
24 silly addNameRange     '1.5.0-b3',
24 silly addNameRange     '1.5.0-b4',
24 silly addNameRange     '1.5.0',
24 silly addNameRange     '1.5.1',
24 silly addNameRange     '1.6.0',
24 silly addNameRange     '1.6.1' ] ]
25 verbose addNamed [ 'less', '1.6.1' ]
26 verbose addNamed [ '1.6.1', '1.6.1' ]
27 silly lockFile d66ad79c-less-1-6-1 less@1.6.1
28 verbose lock less@1.6.1 /home/bbeutell/.npm/d66ad79c-less-1-6-1.lock
29 silly lockFile de24364d-ry-npmjs-org-less-less-1-6-1-tgz https://registry.npmjs.org/less/-/less-1.6.1.tgz
30 verbose lock https://registry.npmjs.org/less/-/less-1.6.1.tgz /home/bbeutell/.npm/de24364d-ry-npmjs-org-less-less-1-6-1-tgz.lock
31 verbose addRemoteTarball [ 'https://registry.npmjs.org/less/-/less-1.6.1.tgz',
31 verbose addRemoteTarball   '54e5e8d7b4fc43a14f8a32aaf0bae2d45ac287ca' ]
32 silly lockFile de24364d-ry-npmjs-org-less-less-1-6-1-tgz https://registry.npmjs.org/less/-/less-1.6.1.tgz
33 silly lockFile de24364d-ry-npmjs-org-less-less-1-6-1-tgz https://registry.npmjs.org/less/-/less-1.6.1.tgz
34 silly lockFile d66ad79c-less-1-6-1 less@1.6.1
35 silly lockFile d66ad79c-less-1-6-1 less@1.6.1
36 silly lockFile e13833ab-less less@
37 silly lockFile e13833ab-less less@
38 error Error: EACCES, mkdir '/home/bbeutell/tmp/npm-24210-i0txOWil'
38 error  { [Error: EACCES, mkdir '/home/bbeutell/tmp/npm-24210-i0txOWil']
38 error   errno: 3,
38 error   code: 'EACCES',
38 error   path: '/home/bbeutell/tmp/npm-24210-i0txOWil' }
39 error Please try running this command again as root/Administrator.
40 error System Linux 2.6.38-16-server
41 error command "/usr/local/bin/node" "/usr/local/bin/npm" "install" "-g" "less"
42 error cwd /var/django/webapps/templates/includes
43 error node -v v0.10.20
44 error npm -v 1.3.11
45 error path /home/bbeutell/tmp/npm-24210-i0txOWil
46 error code EACCES
47 error errno 3
48 error stack Error: EACCES, mkdir '/home/bbeutell/tmp/npm-24210-i0txOWil'
49 verbose exit [ 3, true ]
